<?xml version="1.0" encoding="UTF-8" ?>

<testsuite failures="0" time="0.084" errors="0" skipped="0" tests="5" name="BasicTest">
  <testcase classname="BasicTest" name="aVeryImportantThingToTest" time="0.005">
      </testcase>
  <testcase classname="BasicTest" name="verifyEmptyDB" time="0.006">
      </testcase>
  <testcase classname="BasicTest" name="createAndRetrieveATopic" time="0.009">
      </testcase>
  <testcase classname="BasicTest" name="createAndRetrieveAPost" time="0.012">
      </testcase>
  <testcase classname="BasicTest" name="createAddPostToTopic" time="0.052">
      </testcase>
</testsuite>
